<?xml version="1.0" encoding="UTF-8"?>
<testng-results ignored="0" total="4" passed="4" failed="0" skipped="0">
  <reporter-output>
  </reporter-output>
  <suite started-at="2021-07-16T21:06:38 IST" name="Suite" finished-at="2021-07-16T21:08:15 IST" duration-ms="97179">
    <groups>
    </groups>
    <test started-at="2021-07-16T21:06:38 IST" name="Test" finished-at="2021-07-16T21:08:15 IST" duration-ms="97179">
      <class name="TestCases_PKG.TestCases">
        <test-method is-config="true" signature="ExtentReport_Demo()[pri:0, instance:TestCases_PKG.TestCases@132e0cc]" started-at="2021-07-16T21:06:37 IST" name="ExtentReport_Demo" finished-at="2021-07-16T21:06:38 IST" duration-ms="332" status="PASS">
          <reporter-output>
          </reporter-output>
        </test-method> <!-- ExtentReport_Demo -->
        <test-method is-config="true" signature="Browser_Init()[pri:0, instance:TestCases_PKG.TestCases@132e0cc]" started-at="2021-07-16T21:06:38 IST" name="Browser_Init" finished-at="2021-07-16T21:06:44 IST" duration-ms="6382" status="PASS">
          <reporter-output>
          </reporter-output>
        </test-method> <!-- Browser_Init -->
        <test-method is-config="true" signature="TestLogin()[pri:0, instance:TestCases_PKG.TestCases@132e0cc]" started-at="2021-07-16T21:06:44 IST" name="TestLogin" finished-at="2021-07-16T21:08:07 IST" duration-ms="83507" status="PASS">
          <reporter-output>
          </reporter-output>
        </test-method> <!-- TestLogin -->
        <test-method signature="TestScript_01()[pri:0, instance:TestCases_PKG.TestCases@132e0cc]" started-at="2021-07-16T21:08:07 IST" name="TestScript_01" finished-at="2021-07-16T21:08:14 IST" duration-ms="6830" status="PASS">
          <reporter-output>
          </reporter-output>
        </test-method> <!-- TestScript_01 -->
        <test-method signature="TestScript_02()[pri:2, instance:TestCases_PKG.TestCases@132e0cc]" started-at="2021-07-16T21:08:14 IST" name="TestScript_02" finished-at="2021-07-16T21:08:14 IST" duration-ms="123" status="PASS">
          <reporter-output>
          </reporter-output>
        </test-method> <!-- TestScript_02 -->
        <test-method signature="TestScript_03()[pri:3, instance:TestCases_PKG.TestCases@132e0cc]" started-at="2021-07-16T21:08:14 IST" name="TestScript_03" finished-at="2021-07-16T21:08:15 IST" duration-ms="117" status="PASS">
          <reporter-output>
          </reporter-output>
        </test-method> <!-- TestScript_03 -->
        <test-method signature="TestScript_04()[pri:4, instance:TestCases_PKG.TestCases@132e0cc]" started-at="2021-07-16T21:08:15 IST" name="TestScript_04" finished-at="2021-07-16T21:08:15 IST" duration-ms="122" status="PASS">
          <reporter-output>
          </reporter-output>
        </test-method> <!-- TestScript_04 -->
        <test-method is-config="true" signature="Extent_rlease()[pri:0, instance:TestCases_PKG.TestCases@132e0cc]" started-at="2021-07-16T21:08:15 IST" name="Extent_rlease" finished-at="2021-07-16T21:08:15 IST" duration-ms="729" status="PASS">
          <reporter-output>
          </reporter-output>
        </test-method> <!-- Extent_rlease -->
      </class> <!-- TestCases_PKG.TestCases -->
    </test> <!-- Test -->
  </suite> <!-- Suite -->
</testng-results>
