<?xml version="1.0" encoding="UTF-8"?>
<testsuite xmlns:xsi="http://www.w3.org/2001/XMLSchema-instance" xsi:noNamespaceSchemaLocation="https://maven.apache.org/surefire/maven-surefire-plugin/xsd/surefire-test-report-3.0.xsd" version="3.0" name="TestSuite" time="99.773" tests="4" errors="0" skipped="0" failures="0">
  <properties>
[...]
</properties>
  <testcase name="TestScript_01" classname="TestCases_PKG.TestCases" time="6.831"/>
  <testcase name="TestScript_02" classname="TestCases_PKG.TestCases" time="0.109"/>
  <testcase name="TestScript_03" classname="TestCases_PKG.TestCases" time="0.116"/>
  <testcase name="TestScript_04" classname="TestCases_PKG.TestCases" time="0.12"/>
</testsuite>