<?xml version="1.0" encoding="UTF-8"?>
<!-- Generated by org.testng.reporters.JUnitXMLReporter -->
<testsuite hostname="PIN-PG00W9SM" ignored="0" name="Test" tests="4" failures="1" timestamp="2021-07-15T12:37:07 IST" time="60.445" errors="0">
  <testcase name="TestScript_01" time="3.977" classname="TestCases_PKG.TestCases"/>
  <testcase name="TestScript_02" time="0.112" classname="TestCases_PKG.TestCases"/>
  <testcase name="TestScript_03" time="0.133" classname="TestCases_PKG.TestCases"/>
  <testcase name="TestScript_04" time="30.055" classname="TestCases_PKG.TestCases">
    <failure type="java.lang.AssertionError" message="expected [true] but found [false]">
      <![CDATA[java.lang.AssertionError: expected [true] but found [false]
at TestCases_PKG.TestCases.TestScript_04(TestCases.java:39)
at java.util.ArrayList.forEach(ArrayList.java:1257)
... Removed 31 stack frames]]>
    </failure>
  </testcase> <!-- TestScript_04 -->
</testsuite> <!-- Test -->
