<?xml version="1.0" encoding="UTF-8"?>
<!-- Generated by org.testng.reporters.JUnitXMLReporter -->
<testsuite ignored="0" hostname="PIN-PG00W9SM" failures="0" tests="4" name="Test" time="97.179" errors="0" timestamp="2021-07-16T21:08:15 IST">
  <testcase classname="TestCases_PKG.TestCases" name="TestScript_01" time="6.83"/>
  <testcase classname="TestCases_PKG.TestCases" name="TestScript_02" time="0.123"/>
  <testcase classname="TestCases_PKG.TestCases" name="TestScript_03" time="0.117"/>
  <testcase classname="TestCases_PKG.TestCases" name="TestScript_04" time="0.122"/>
</testsuite> <!-- Test -->
